<?xml version="1.0" encoding="UTF-8"?>
<!-- Generated by org.testng.reporters.JUnitReportReporter -->
<testsuite skipped="0" hostname="Kawsars-MacBook-Pro-2.local" name="rahulshettyacademy.tests.ErrorValidationsTest" tests="2" failures="0" timestamp="20 Oct 2022 19:41:58 GMT" time="14.255" errors="0">
  <testcase name="LoginErrorValidation" time="7.528" classname="rahulshettyacademy.tests.ErrorValidationsTest"/>
  <testcase name="ProductErrorValidation" time="6.727" classname="rahulshettyacademy.tests.ErrorValidationsTest"/>
</testsuite> <!-- rahulshettyacademy.tests.ErrorValidationsTest -->
