<?xml version="1.0" encoding="UTF-8"?>
<!-- Generated by org.testng.reporters.JUnitReportReporter -->
<testsuite skipped="0" hostname="Kawsars-MacBook-Pro-2.local" name="rahulshettyacademy.tests.SubmitOrderTest" tests="3" failures="0" timestamp="20 Oct 2022 19:41:58 GMT" time="23.820" errors="0">
  <testcase name="submitOrder" time="7.908" classname="rahulshettyacademy.tests.SubmitOrderTest"/>
  <testcase name="OrderHistoryTest" time="7.945" classname="rahulshettyacademy.tests.SubmitOrderTest"/>
  <testcase name="submitOrder" time="7.967" classname="rahulshettyacademy.tests.SubmitOrderTest"/>
</testsuite> <!-- rahulshettyacademy.tests.SubmitOrderTest -->
