<?xml version="1.0" encoding="UTF-8"?>
<!-- Generated by org.testng.reporters.JUnitReportReporter -->
<testsuite hostname="Kawsars-MacBook-Pro-2.local" failures="0" tests="3" name="rahulshettyacademy.tests.SubmitOrderTest" time="20.884" errors="0" timestamp="19 Oct 2022 19:09:27 GMT" skipped="0">
  <testcase classname="rahulshettyacademy.tests.SubmitOrderTest" name="submitOrder" time="8.290"/>
  <testcase classname="rahulshettyacademy.tests.SubmitOrderTest" name="submitOrder" time="7.803"/>
  <testcase classname="rahulshettyacademy.tests.SubmitOrderTest" name="OrderHistoryTest" time="4.791"/>
</testsuite> <!-- rahulshettyacademy.tests.SubmitOrderTest -->
